[2022-06-18 11:27:06] local.ERROR: Invalid preset. {"exception":"[object] (InvalidArgumentException(code: 0): Invalid preset. at C:\\xampp\\htdocs\\quiz_MuhammadJafarShiddiq\\vendor\\laravel\\ui\\src\\UiCommand.php:41)
[stacktrace]
#0 C:\\xampp\\htdocs\\quiz_MuhammadJafarShiddiq\\vendor\\laravel\\framework\\src\\Illuminate\\Container\\BoundMethod.php(36): Laravel\\Ui\\UiCommand->handle()
#1 C:\\xampp\\htdocs\\quiz_MuhammadJafarShiddiq\\vendor\\laravel\\framework\\src\\Illuminate\\Container\\Util.php(40): Illuminate\\Container\\BoundMethod::Illuminate\\Container\\{closure}()
#2 C:\\xampp\\htdocs\\quiz_MuhammadJafarShiddiq\\vendor\\laravel\\framework\\src\\Illuminate\\Container\\BoundMethod.php(93): Illuminate\\Container\\Util::unwrapIfClosure(Object(Closure))
#3 C:\\xampp\\htdocs\\quiz_MuhammadJafarShiddiq\\vendor\\laravel\\framework\\src\\Illuminate\\Container\\BoundMethod.php(37): Illuminate\\Container\\BoundMethod::callBoundMethod(Object(Illuminate\\Foundation\\Application), Array, Object(Closure))
#4 C:\\xampp\\htdocs\\quiz_MuhammadJafarShiddiq\\vendor\\laravel\\framework\\src\\Illuminate\\Container\\Container.php(653): Illuminate\\Container\\BoundMethod::call(Object(Illuminate\\Foundation\\Application), Array, Array, NULL)
#5 C:\\xampp\\htdocs\\quiz_MuhammadJafarShiddiq\\vendor\\laravel\\framework\\src\\Illuminate\\Console\\Command.php(136): Illuminate\\Container\\Container->call(Array)
#6 C:\\xampp\\htdocs\\quiz_MuhammadJafarShiddiq\\vendor\\symfony\\console\\Command\\Command.php(298): Illuminate\\Console\\Command->execute(Object(Symfony\\Component\\Console\\Input\\ArgvInput), Object(Illuminate\\Console\\OutputStyle))
#7 C:\\xampp\\htdocs\\quiz_MuhammadJafarShiddiq\\vendor\\laravel\\framework\\src\\Illuminate\\Console\\Command.php(121): Symfony\\Component\\Console\\Command\\Command->run(Object(Symfony\\Component\\Console\\Input\\ArgvInput), Object(Illuminate\\Console\\OutputStyle))
#8 C:\\xampp\\htdocs\\quiz_MuhammadJafarShiddiq\\vendor\\symfony\\console\\Application.php(1024): Illuminate\\Console\\Command->run(Object(Symfony\\Component\\Console\\Input\\ArgvInput), Object(Symfony\\Component\\Console\\Output\\ConsoleOutput))
#9 C:\\xampp\\htdocs\\quiz_MuhammadJafarShiddiq\\vendor\\symfony\\console\\Application.php(299): Symfony\\Component\\Console\\Application->doRunCommand(Object(Laravel\\Ui\\UiCommand), Object(Symfony\\Component\\Console\\Input\\ArgvInput), Object(Symfony\\Component\\Console\\Output\\ConsoleOutput))
#10 C:\\xampp\\htdocs\\quiz_MuhammadJafarShiddiq\\vendor\\symfony\\console\\Application.php(171): Symfony\\Component\\Console\\Application->doRun(Object(Symfony\\Component\\Console\\Input\\ArgvInput), Object(Symfony\\Component\\Console\\Output\\ConsoleOutput))
#11 C:\\xampp\\htdocs\\quiz_MuhammadJafarShiddiq\\vendor\\laravel\\framework\\src\\Illuminate\\Console\\Application.php(94): Symfony\\Component\\Console\\Application->run(Object(Symfony\\Component\\Console\\Input\\ArgvInput), Object(Symfony\\Component\\Console\\Output\\ConsoleOutput))
#12 C:\\xampp\\htdocs\\quiz_MuhammadJafarShiddiq\\vendor\\laravel\\framework\\src\\Illuminate\\Foundation\\Console\\Kernel.php(129): Illuminate\\Console\\Application->run(Object(Symfony\\Component\\Console\\Input\\ArgvInput), Object(Symfony\\Component\\Console\\Output\\ConsoleOutput))
#13 C:\\xampp\\htdocs\\quiz_MuhammadJafarShiddiq\\artisan(37): Illuminate\\Foundation\\Console\\Kernel->handle(Object(Symfony\\Component\\Console\\Input\\ArgvInput), Object(Symfony\\Component\\Console\\Output\\ConsoleOutput))
#14 {main}
"} 
[2022-06-21 18:39:52] local.ERROR: SQLSTATE[HY000] [2002] Connection refused (SQL: select * from `users` where `email` = jafar@gmail.com limit 1) {"exception":"[object] (Illuminate\\Database\\QueryException(code: 2002): SQLSTATE[HY000] [2002] Connection refused (SQL: select * from `users` where `email` = jafar@gmail.com limit 1) at /opt/lampp/htdocs/quiz_MuhammadJafarShiddiq/vendor/laravel/framework/src/Illuminate/Database/Connection.php:712)
[stacktrace]
#0 /opt/lampp/htdocs/quiz_MuhammadJafarShiddiq/vendor/laravel/framework/src/Illuminate/Database/Connection.php(784): Illuminate\\Database\\Connection->runQueryCallback()
#1 /opt/lampp/htdocs/quiz_MuhammadJafarShiddiq/vendor/laravel/framework/src/Illuminate/Database/Connection.php(764): Illuminate\\Database\\Connection->tryAgainIfCausedByLostConnection()
#2 /opt/lampp/htdocs/quiz_MuhammadJafarShiddiq/vendor/laravel/framework/src/Illuminate/Database/Connection.php(675): Illuminate\\Database\\Connection->handleQueryException()
#3 /opt/lampp/htdocs/quiz_MuhammadJafarShiddiq/vendor/laravel/framework/src/Illuminate/Database/Connection.php(376): Illuminate\\Database\\Connection->run()
#4 /opt/lampp/htdocs/quiz_MuhammadJafarShiddiq/vendor/laravel/framework/src/Illuminate/Database/Query/Builder.php(2414): Illuminate\\Database\\Connection->select()
#5 /opt/lampp/htdocs/quiz_MuhammadJafarShiddiq/vendor/laravel/framework/src/Illuminate/Database/Query/Builder.php(2402): Illuminate\\Database\\Query\\Builder->runSelect()
#6 /opt/lampp/htdocs/quiz_MuhammadJafarShiddiq/vendor/laravel/framework/src/Illuminate/Database/Query/Builder.php(2936): Illuminate\\Database\\Query\\Builder->Illuminate\\Database\\Query\\{closure}()
#7 /opt/lampp/htdocs/quiz_MuhammadJafarShiddiq/vendor/laravel/framework/src/Illuminate/Database/Query/Builder.php(2403): Illuminate\\Database\\Query\\Builder->onceWithColumns()
#8 /opt/lampp/htdocs/quiz_MuhammadJafarShiddiq/vendor/laravel/framework/src/Illuminate/Database/Eloquent/Builder.php(625): Illuminate\\Database\\Query\\Builder->get()
#9 /opt/lampp/htdocs/quiz_MuhammadJafarShiddiq/vendor/laravel/framework/src/Illuminate/Database/Eloquent/Builder.php(609): Illuminate\\Database\\Eloquent\\Builder->getModels()
#10 /opt/lampp/htdocs/quiz_MuhammadJafarShiddiq/vendor/laravel/framework/src/Illuminate/Database/Concerns/BuildsQueries.php(294): Illuminate\\Database\\Eloquent\\Builder->get()
#11 /opt/lampp/htdocs/quiz_MuhammadJafarShiddiq/vendor/laravel/framework/src/Illuminate/Auth/EloquentUserProvider.php(134): Illuminate\\Database\\Eloquent\\Builder->first()
#12 /opt/lampp/htdocs/quiz_MuhammadJafarShiddiq/vendor/laravel/framework/src/Illuminate/Auth/SessionGuard.php(366): Illuminate\\Auth\\EloquentUserProvider->retrieveByCredentials()
#13 /opt/lampp/htdocs/quiz_MuhammadJafarShiddiq/vendor/laravel/ui/auth-backend/AuthenticatesUsers.php(87): Illuminate\\Auth\\SessionGuard->attempt()
#14 /opt/lampp/htdocs/quiz_MuhammadJafarShiddiq/vendor/laravel/ui/auth-backend/AuthenticatesUsers.php(46): App\\Http\\Controllers\\Auth\\LoginController->attemptLogin()
#15 /opt/lampp/htdocs/quiz_MuhammadJafarShiddiq/vendor/laravel/framework/src/Illuminate/Routing/Controller.php(54): App\\Http\\Controllers\\Auth\\LoginController->login()
#16 /opt/lampp/htdocs/quiz_MuhammadJafarShiddiq/vendor/laravel/framework/src/Illuminate/Routing/ControllerDispatcher.php(45): Illuminate\\Routing\\Controller->callAction()
#17 /opt/lampp/htdocs/quiz_MuhammadJafarShiddiq/vendor/laravel/framework/src/Illuminate/Routing/Route.php(262): Illuminate\\Routing\\ControllerDispatcher->dispatch()
#18 /opt/lampp/htdocs/quiz_MuhammadJafarShiddiq/vendor/laravel/framework/src/Illuminate/Routing/Route.php(205): Illuminate\\Routing\\Route->runController()
#19 /opt/lampp/htdocs/quiz_MuhammadJafarShiddiq/vendor/laravel/framework/src/Illuminate/Routing/Router.php(721): Illuminate\\Routing\\Route->run()
#20 /opt/lampp/htdocs/quiz_MuhammadJafarShiddiq/vendor/laravel/framework/src/Illuminate/Pipeline/Pipeline.php(128): Illuminate\\Routing\\Router->Illuminate\\Routing\\{closure}()
#21 /opt/lampp/htdocs/quiz_MuhammadJafarShiddiq/app/Http/Middleware/RedirectIfAuthenticated.php(30): Illuminate\\Pipeline\\Pipeline->Illuminate\\Pipeline\\{closure}()
#22 /opt/lampp/htdocs/quiz_MuhammadJafarShiddiq/vendor/laravel/framework/src/Illuminate/Pipeline/Pipeline.php(167): App\\Http\\Middleware\\RedirectIfAuthenticated->handle()
#23 /opt/lampp/htdocs/quiz_MuhammadJafarShiddiq/vendor/laravel/framework/src/Illuminate/Routing/Middleware/SubstituteBindings.php(50): Illuminate\\Pipeline\\Pipeline->Illuminate\\Pipeline\\{closure}()
#24 /opt/lampp/htdocs/quiz_MuhammadJafarShiddiq/vendor/laravel/framework/src/Illuminate/Pipeline/Pipeline.php(167): Illuminate\\Routing\\Middleware\\SubstituteBindings->handle()
#25 /opt/lampp/htdocs/quiz_MuhammadJafarShiddiq/vendor/laravel/framework/src/Illuminate/Foundation/Http/Middleware/VerifyCsrfToken.php(78): Illuminate\\Pipeline\\Pipeline->Illuminate\\Pipeline\\{closure}()
#26 /opt/lampp/htdocs/quiz_MuhammadJafarShiddiq/vendor/laravel/framework/src/Illuminate/Pipeline/Pipeline.php(167): Illuminate\\Foundation\\Http\\Middleware\\VerifyCsrfToken->handle()
#27 /opt/lampp/htdocs/quiz_MuhammadJafarShiddiq/vendor/laravel/framework/src/Illuminate/View/Middleware/ShareErrorsFromSession.php(49): Illuminate\\Pipeline\\Pipeline->Illuminate\\Pipeline\\{closure}()
#28 /opt/lampp/htdocs/quiz_MuhammadJafarShiddiq/vendor/laravel/framework/src/Illuminate/Pipeline/Pipeline.php(167): Illuminate\\View\\Middleware\\ShareErrorsFromSession->handle()
#29 /opt/lampp/htdocs/quiz_MuhammadJafarShiddiq/vendor/laravel/framework/src/Illuminate/Session/Middleware/StartSession.php(121): Illuminate\\Pipeline\\Pipeline->Illuminate\\Pipeline\\{closure}()
#30 /opt/lampp/htdocs/quiz_MuhammadJafarShiddiq/vendor/laravel/framework/src/Illuminate/Session/Middleware/StartSession.php(64): Illuminate\\Session\\Middleware\\StartSession->handleStatefulRequest()
#31 /opt/lampp/htdocs/quiz_MuhammadJafarShiddiq/vendor/laravel/framework/src/Illuminate/Pipeline/Pipeline.php(167): Illuminate\\Session\\Middleware\\StartSession->handle()
#32 /opt/lampp/htdocs/quiz_MuhammadJafarShiddiq/vendor/laravel/framework/src/Illuminate/Cookie/Middleware/AddQueuedCookiesToResponse.php(37): Illuminate\\Pipeline\\Pipeline->Illuminate\\Pipeline\\{closure}()
#33 /opt/lampp/htdocs/quiz_MuhammadJafarShiddiq/vendor/laravel/framework/src/Illuminate/Pipeline/Pipeline.php(167): Illuminate\\Cookie\\Middleware\\AddQueuedCookiesToResponse->handle()
#34 /opt/lampp/htdocs/quiz_MuhammadJafarShiddiq/vendor/laravel/framework/src/Illuminate/Cookie/Middleware/EncryptCookies.php(67): Illuminate\\Pipeline\\Pipeline->Illuminate\\Pipeline\\{closure}()
#35 /opt/lampp/htdocs/quiz_MuhammadJafarShiddiq/vendor/laravel/framework/src/Illuminate/Pipeline/Pipeline.php(167): Illuminate\\Cookie\\Middleware\\EncryptCookies->handle()
#36 /opt/lampp/htdocs/quiz_MuhammadJafarShiddiq/vendor/laravel/framework/src/Illuminate/Pipeline/Pipeline.php(103): Illuminate\\Pipeline\\Pipeline->Illuminate\\Pipeline\\{closure}()
#37 /opt/lampp/htdocs/quiz_MuhammadJafarShiddiq/vendor/laravel/framework/src/Illuminate/Routing/Router.php(723): Illuminate\\Pipeline\\Pipeline->then()
#38 /opt/lampp/htdocs/quiz_MuhammadJafarShiddiq/vendor/laravel/framework/src/Illuminate/Routing/Router.php(698): Illuminate\\Routing\\Router->runRouteWithinStack()
#39 /opt/lampp/htdocs/quiz_MuhammadJafarShiddiq/vendor/laravel/framework/src/Illuminate/Routing/Router.php(662): Illuminate\\Routing\\Router->runRoute()
#40 /opt/lampp/htdocs/quiz_MuhammadJafarShiddiq/vendor/laravel/framework/src/Illuminate/Routing/Router.php(651): Illuminate\\Routing\\Router->dispatchToRoute()
#41 /opt/lampp/htdocs/quiz_MuhammadJafarShiddiq/vendor/laravel/framework/src/Illuminate/Foundation/Http/Kernel.php(167): Illuminate\\Routing\\Router->dispatch()
#42 /opt/lampp/htdocs/quiz_MuhammadJafarShiddiq/vendor/laravel/framework/src/Illuminate/Pipeline/Pipeline.php(128): Illuminate\\Foundation\\Http\\Kernel->Illuminate\\Foundation\\Http\\{closure}()
#43 /opt/lampp/htdocs/quiz_MuhammadJafarShiddiq/vendor/laravel/framework/src/Illuminate/Foundation/Http/Middleware/TransformsRequest.php(21): Illuminate\\Pipeline\\Pipeline->Illuminate\\Pipeline\\{closure}()
#44 /opt/lampp/htdocs/quiz_MuhammadJafarShiddiq/vendor/laravel/framework/src/Illuminate/Foundation/Http/Middleware/ConvertEmptyStringsToNull.php(31): Illuminate\\Foundation\\Http\\Middleware\\TransformsRequest->handle()
#45 /opt/lampp/htdocs/quiz_MuhammadJafarShiddiq/vendor/laravel/framework/src/Illuminate/Pipeline/Pipeline.php(167): Illuminate\\Foundation\\Http\\Middleware\\ConvertEmptyStringsToNull->handle()
#46 /opt/lampp/htdocs/quiz_MuhammadJafarShiddiq/vendor/laravel/framework/src/Illuminate/Foundation/Http/Middleware/TransformsRequest.php(21): Illuminate\\Pipeline\\Pipeline->Illuminate\\Pipeline\\{closure}()
#47 /opt/lampp/htdocs/quiz_MuhammadJafarShiddiq/vendor/laravel/framework/src/Illuminate/Foundation/Http/Middleware/TrimStrings.php(40): Illuminate\\Foundation\\Http\\Middleware\\TransformsRequest->handle()
#48 /opt/lampp/htdocs/quiz_MuhammadJafarShiddiq/vendor/laravel/framework/src/Illuminate/Pipeline/Pipeline.php(167): Illuminate\\Foundation\\Http\\Middleware\\TrimStrings->handle()
#49 /opt/lampp/htdocs/quiz_MuhammadJafarShiddiq/vendor/laravel/framework/src/Illuminate/Foundation/Http/Middleware/ValidatePostSize.php(27): Illuminate\\Pipeline\\Pipeline->Illuminate\\Pipeline\\{closure}()
#50 /opt/lampp/htdocs/quiz_MuhammadJafarShiddiq/vendor/laravel/framework/src/Illuminate/Pipeline/Pipeline.php(167): Illuminate\\Foundation\\Http\\Middleware\\ValidatePostSize->handle()
#51 /opt/lampp/htdocs/quiz_MuhammadJafarShiddiq/vendor/laravel/framework/src/Illuminate/Foundation/Http/Middleware/PreventRequestsDuringMaintenance.php(86): Illuminate\\Pipeline\\Pipeline->Illuminate\\Pipeline\\{closure}()
#52 /opt/lampp/htdocs/quiz_MuhammadJafarShiddiq/vendor/laravel/framework/src/Illuminate/Pipeline/Pipeline.php(167): Illuminate\\Foundation\\Http\\Middleware\\PreventRequestsDuringMaintenance->handle()
#53 /opt/lampp/htdocs/quiz_MuhammadJafarShiddiq/vendor/fruitcake/laravel-cors/src/HandleCors.php(38): Illuminate\\Pipeline\\Pipeline->Illuminate\\Pipeline\\{closure}()
#54 /opt/lampp/htdocs/quiz_MuhammadJafarShiddiq/vendor/laravel/framework/src/Illuminate/Pipeline/Pipeline.php(167): Fruitcake\\Cors\\HandleCors->handle()
#55 /opt/lampp/htdocs/quiz_MuhammadJafarShiddiq/vendor/laravel/framework/src/Illuminate/Http/Middleware/TrustProxies.php(39): Illuminate\\Pipeline\\Pipeline->Illuminate\\Pipeline\\{closure}()
#56 /opt/lampp/htdocs/quiz_MuhammadJafarShiddiq/vendor/laravel/framework/src/Illuminate/Pipeline/Pipeline.php(167): Illuminate\\Http\\Middleware\\TrustProxies->handle()
#57 /opt/lampp/htdocs/quiz_MuhammadJafarShiddiq/vendor/laravel/framework/src/Illuminate/Pipeline/Pipeline.php(103): Illuminate\\Pipeline\\Pipeline->Illuminate\\Pipeline\\{closure}()
#58 /opt/lampp/htdocs/quiz_MuhammadJafarShiddiq/vendor/laravel/framework/src/Illuminate/Foundation/Http/Kernel.php(142): Illuminate\\Pipeline\\Pipeline->then()
#59 /opt/lampp/htdocs/quiz_MuhammadJafarShiddiq/vendor/laravel/framework/src/Illuminate/Foundation/Http/Kernel.php(111): Illuminate\\Foundation\\Http\\Kernel->sendRequestThroughRouter()
#60 /opt/lampp/htdocs/quiz_MuhammadJafarShiddiq/public/index.php(52): Illuminate\\Foundation\\Http\\Kernel->handle()
#61 /opt/lampp/htdocs/quiz_MuhammadJafarShiddiq/server.php(21): require_once('...')
#62 {main}

[previous exception] [object] (PDOException(code: 2002): SQLSTATE[HY000] [2002] Connection refused at /opt/lampp/htdocs/quiz_MuhammadJafarShiddiq/vendor/laravel/framework/src/Illuminate/Database/Connectors/Connector.php:70)
[stacktrace]
#0 /opt/lampp/htdocs/quiz_MuhammadJafarShiddiq/vendor/laravel/framework/src/Illuminate/Database/Connectors/Connector.php(70): PDO->__construct()
#1 /opt/lampp/htdocs/quiz_MuhammadJafarShiddiq/vendor/laravel/framework/src/Illuminate/Database/Connectors/Connector.php(100): Illuminate\\Database\\Connectors\\Connector->createPdoConnection()
#2 /opt/lampp/htdocs/quiz_MuhammadJafarShiddiq/vendor/laravel/framework/src/Illuminate/Database/Connectors/Connector.php(50): Illuminate\\Database\\Connectors\\Connector->tryAgainIfCausedByLostConnection()
#3 /opt/lampp/htdocs/quiz_MuhammadJafarShiddiq/vendor/laravel/framework/src/Illuminate/Database/Connectors/MySqlConnector.php(24): Illuminate\\Database\\Connectors\\Connector->createConnection()
#4 /opt/lampp/htdocs/quiz_MuhammadJafarShiddiq/vendor/laravel/framework/src/Illuminate/Database/Connectors/ConnectionFactory.php(184): Illuminate\\Database\\Connectors\\MySqlConnector->connect()
#5 [internal function]: Illuminate\\Database\\Connectors\\ConnectionFactory->Illuminate\\Database\\Connectors\\{closure}()
#6 /opt/lampp/htdocs/quiz_MuhammadJafarShiddiq/vendor/laravel/framework/src/Illuminate/Database/Connection.php(1064): call_user_func()
#7 /opt/lampp/htdocs/quiz_MuhammadJafarShiddiq/vendor/laravel/framework/src/Illuminate/Database/Connection.php(1100): Illuminate\\Database\\Connection->getPdo()
#8 /opt/lampp/htdocs/quiz_MuhammadJafarShiddiq/vendor/laravel/framework/src/Illuminate/Database/Connection.php(442): Illuminate\\Database\\Connection->getReadPdo()
#9 /opt/lampp/htdocs/quiz_MuhammadJafarShiddiq/vendor/laravel/framework/src/Illuminate/Database/Connection.php(368): Illuminate\\Database\\Connection->getPdoForSelect()
#10 /opt/lampp/htdocs/quiz_MuhammadJafarShiddiq/vendor/laravel/framework/src/Illuminate/Database/Connection.php(705): Illuminate\\Database\\Connection->Illuminate\\Database\\{closure}()
#11 /opt/lampp/htdocs/quiz_MuhammadJafarShiddiq/vendor/laravel/framework/src/Illuminate/Database/Connection.php(784): Illuminate\\Database\\Connection->runQueryCallback()
#12 /opt/lampp/htdocs/quiz_MuhammadJafarShiddiq/vendor/laravel/framework/src/Illuminate/Database/Connection.php(764): Illuminate\\Database\\Connection->tryAgainIfCausedByLostConnection()
#13 /opt/lampp/htdocs/quiz_MuhammadJafarShiddiq/vendor/laravel/framework/src/Illuminate/Database/Connection.php(675): Illuminate\\Database\\Connection->handleQueryException()
#14 /opt/lampp/htdocs/quiz_MuhammadJafarShiddiq/vendor/laravel/framework/src/Illuminate/Database/Connection.php(376): Illuminate\\Database\\Connection->run()
#15 /opt/lampp/htdocs/quiz_MuhammadJafarShiddiq/vendor/laravel/framework/src/Illuminate/Database/Query/Builder.php(2414): Illuminate\\Database\\Connection->select()
#16 /opt/lampp/htdocs/quiz_MuhammadJafarShiddiq/vendor/laravel/framework/src/Illuminate/Database/Query/Builder.php(2402): Illuminate\\Database\\Query\\Builder->runSelect()
#17 /opt/lampp/htdocs/quiz_MuhammadJafarShiddiq/vendor/laravel/framework/src/Illuminate/Database/Query/Builder.php(2936): Illuminate\\Database\\Query\\Builder->Illuminate\\Database\\Query\\{closure}()
#18 /opt/lampp/htdocs/quiz_MuhammadJafarShiddiq/vendor/laravel/framework/src/Illuminate/Database/Query/Builder.php(2403): Illuminate\\Database\\Query\\Builder->onceWithColumns()
#19 /opt/lampp/htdocs/quiz_MuhammadJafarShiddiq/vendor/laravel/framework/src/Illuminate/Database/Eloquent/Builder.php(625): Illuminate\\Database\\Query\\Builder->get()
#20 /opt/lampp/htdocs/quiz_MuhammadJafarShiddiq/vendor/laravel/framework/src/Illuminate/Database/Eloquent/Builder.php(609): Illuminate\\Database\\Eloquent\\Builder->getModels()
#21 /opt/lampp/htdocs/quiz_MuhammadJafarShiddiq/vendor/laravel/framework/src/Illuminate/Database/Concerns/BuildsQueries.php(294): Illuminate\\Database\\Eloquent\\Builder->get()
#22 /opt/lampp/htdocs/quiz_MuhammadJafarShiddiq/vendor/laravel/framework/src/Illuminate/Auth/EloquentUserProvider.php(134): Illuminate\\Database\\Eloquent\\Builder->first()
#23 /opt/lampp/htdocs/quiz_MuhammadJafarShiddiq/vendor/laravel/framework/src/Illuminate/Auth/SessionGuard.php(366): Illuminate\\Auth\\EloquentUserProvider->retrieveByCredentials()
#24 /opt/lampp/htdocs/quiz_MuhammadJafarShiddiq/vendor/laravel/ui/auth-backend/AuthenticatesUsers.php(87): Illuminate\\Auth\\SessionGuard->attempt()
#25 /opt/lampp/htdocs/quiz_MuhammadJafarShiddiq/vendor/laravel/ui/auth-backend/AuthenticatesUsers.php(46): App\\Http\\Controllers\\Auth\\LoginController->attemptLogin()
#26 /opt/lampp/htdocs/quiz_MuhammadJafarShiddiq/vendor/laravel/framework/src/Illuminate/Routing/Controller.php(54): App\\Http\\Controllers\\Auth\\LoginController->login()
#27 /opt/lampp/htdocs/quiz_MuhammadJafarShiddiq/vendor/laravel/framework/src/Illuminate/Routing/ControllerDispatcher.php(45): Illuminate\\Routing\\Controller->callAction()
#28 /opt/lampp/htdocs/quiz_MuhammadJafarShiddiq/vendor/laravel/framework/src/Illuminate/Routing/Route.php(262): Illuminate\\Routing\\ControllerDispatcher->dispatch()
#29 /opt/lampp/htdocs/quiz_MuhammadJafarShiddiq/vendor/laravel/framework/src/Illuminate/Routing/Route.php(205): Illuminate\\Routing\\Route->runController()
#30 /opt/lampp/htdocs/quiz_MuhammadJafarShiddiq/vendor/laravel/framework/src/Illuminate/Routing/Router.php(721): Illuminate\\Routing\\Route->run()
#31 /opt/lampp/htdocs/quiz_MuhammadJafarShiddiq/vendor/laravel/framework/src/Illuminate/Pipeline/Pipeline.php(128): Illuminate\\Routing\\Router->Illuminate\\Routing\\{closure}()
#32 /opt/lampp/htdocs/quiz_MuhammadJafarShiddiq/app/Http/Middleware/RedirectIfAuthenticated.php(30): Illuminate\\Pipeline\\Pipeline->Illuminate\\Pipeline\\{closure}()
#33 /opt/lampp/htdocs/quiz_MuhammadJafarShiddiq/vendor/laravel/framework/src/Illuminate/Pipeline/Pipeline.php(167): App\\Http\\Middleware\\RedirectIfAuthenticated->handle()
#34 /opt/lampp/htdocs/quiz_MuhammadJafarShiddiq/vendor/laravel/framework/src/Illuminate/Routing/Middleware/SubstituteBindings.php(50): Illuminate\\Pipeline\\Pipeline->Illuminate\\Pipeline\\{closure}()
#35 /opt/lampp/htdocs/quiz_MuhammadJafarShiddiq/vendor/laravel/framework/src/Illuminate/Pipeline/Pipeline.php(167): Illuminate\\Routing\\Middleware\\SubstituteBindings->handle()
#36 /opt/lampp/htdocs/quiz_MuhammadJafarShiddiq/vendor/laravel/framework/src/Illuminate/Foundation/Http/Middleware/VerifyCsrfToken.php(78): Illuminate\\Pipeline\\Pipeline->Illuminate\\Pipeline\\{closure}()
#37 /opt/lampp/htdocs/quiz_MuhammadJafarShiddiq/vendor/laravel/framework/src/Illuminate/Pipeline/Pipeline.php(167): Illuminate\\Foundation\\Http\\Middleware\\VerifyCsrfToken->handle()
#38 /opt/lampp/htdocs/quiz_MuhammadJafarShiddiq/vendor/laravel/framework/src/Illuminate/View/Middleware/ShareErrorsFromSession.php(49): Illuminate\\Pipeline\\Pipeline->Illuminate\\Pipeline\\{closure}()
#39 /opt/lampp/htdocs/quiz_MuhammadJafarShiddiq/vendor/laravel/framework/src/Illuminate/Pipeline/Pipeline.php(167): Illuminate\\View\\Middleware\\ShareErrorsFromSession->handle()
#40 /opt/lampp/htdocs/quiz_MuhammadJafarShiddiq/vendor/laravel/framework/src/Illuminate/Session/Middleware/StartSession.php(121): Illuminate\\Pipeline\\Pipeline->Illuminate\\Pipeline\\{closure}()
#41 /opt/lampp/htdocs/quiz_MuhammadJafarShiddiq/vendor/laravel/framework/src/Illuminate/Session/Middleware/StartSession.php(64): Illuminate\\Session\\Middleware\\StartSession->handleStatefulRequest()
#42 /opt/lampp/htdocs/quiz_MuhammadJafarShiddiq/vendor/laravel/framework/src/Illuminate/Pipeline/Pipeline.php(167): Illuminate\\Session\\Middleware\\StartSession->handle()
#43 /opt/lampp/htdocs/quiz_MuhammadJafarShiddiq/vendor/laravel/framework/src/Illuminate/Cookie/Middleware/AddQueuedCookiesToResponse.php(37): Illuminate\\Pipeline\\Pipeline->Illuminate\\Pipeline\\{closure}()
#44 /opt/lampp/htdocs/quiz_MuhammadJafarShiddiq/vendor/laravel/framework/src/Illuminate/Pipeline/Pipeline.php(167): Illuminate\\Cookie\\Middleware\\AddQueuedCookiesToResponse->handle()
#45 /opt/lampp/htdocs/quiz_MuhammadJafarShiddiq/vendor/laravel/framework/src/Illuminate/Cookie/Middleware/EncryptCookies.php(67): Illuminate\\Pipeline\\Pipeline->Illuminate\\Pipeline\\{closure}()
#46 /opt/lampp/htdocs/quiz_MuhammadJafarShiddiq/vendor/laravel/framework/src/Illuminate/Pipeline/Pipeline.php(167): Illuminate\\Cookie\\Middleware\\EncryptCookies->handle()
#47 /opt/lampp/htdocs/quiz_MuhammadJafarShiddiq/vendor/laravel/framework/src/Illuminate/Pipeline/Pipeline.php(103): Illuminate\\Pipeline\\Pipeline->Illuminate\\Pipeline\\{closure}()
#48 /opt/lampp/htdocs/quiz_MuhammadJafarShiddiq/vendor/laravel/framework/src/Illuminate/Routing/Router.php(723): Illuminate\\Pipeline\\Pipeline->then()
#49 /opt/lampp/htdocs/quiz_MuhammadJafarShiddiq/vendor/laravel/framework/src/Illuminate/Routing/Router.php(698): Illuminate\\Routing\\Router->runRouteWithinStack()
#50 /opt/lampp/htdocs/quiz_MuhammadJafarShiddiq/vendor/laravel/framework/src/Illuminate/Routing/Router.php(662): Illuminate\\Routing\\Router->runRoute()
#51 /opt/lampp/htdocs/quiz_MuhammadJafarShiddiq/vendor/laravel/framework/src/Illuminate/Routing/Router.php(651): Illuminate\\Routing\\Router->dispatchToRoute()
#52 /opt/lampp/htdocs/quiz_MuhammadJafarShiddiq/vendor/laravel/framework/src/Illuminate/Foundation/Http/Kernel.php(167): Illuminate\\Routing\\Router->dispatch()
#53 /opt/lampp/htdocs/quiz_MuhammadJafarShiddiq/vendor/laravel/framework/src/Illuminate/Pipeline/Pipeline.php(128): Illuminate\\Foundation\\Http\\Kernel->Illuminate\\Foundation\\Http\\{closure}()
#54 /opt/lampp/htdocs/quiz_MuhammadJafarShiddiq/vendor/laravel/framework/src/Illuminate/Foundation/Http/Middleware/TransformsRequest.php(21): Illuminate\\Pipeline\\Pipeline->Illuminate\\Pipeline\\{closure}()
#55 /opt/lampp/htdocs/quiz_MuhammadJafarShiddiq/vendor/laravel/framework/src/Illuminate/Foundation/Http/Middleware/ConvertEmptyStringsToNull.php(31): Illuminate\\Foundation\\Http\\Middleware\\TransformsRequest->handle()
#56 /opt/lampp/htdocs/quiz_MuhammadJafarShiddiq/vendor/laravel/framework/src/Illuminate/Pipeline/Pipeline.php(167): Illuminate\\Foundation\\Http\\Middleware\\ConvertEmptyStringsToNull->handle()
#57 /opt/lampp/htdocs/quiz_MuhammadJafarShiddiq/vendor/laravel/framework/src/Illuminate/Foundation/Http/Middleware/TransformsRequest.php(21): Illuminate\\Pipeline\\Pipeline->Illuminate\\Pipeline\\{closure}()
#58 /opt/lampp/htdocs/quiz_MuhammadJafarShiddiq/vendor/laravel/framework/src/Illuminate/Foundation/Http/Middleware/TrimStrings.php(40): Illuminate\\Foundation\\Http\\Middleware\\TransformsRequest->handle()
#59 /opt/lampp/htdocs/quiz_MuhammadJafarShiddiq/vendor/laravel/framework/src/Illuminate/Pipeline/Pipeline.php(167): Illuminate\\Foundation\\Http\\Middleware\\TrimStrings->handle()
#60 /opt/lampp/htdocs/quiz_MuhammadJafarShiddiq/vendor/laravel/framework/src/Illuminate/Foundation/Http/Middleware/ValidatePostSize.php(27): Illuminate\\Pipeline\\Pipeline->Illuminate\\Pipeline\\{closure}()
#61 /opt/lampp/htdocs/quiz_MuhammadJafarShiddiq/vendor/laravel/framework/src/Illuminate/Pipeline/Pipeline.php(167): Illuminate\\Foundation\\Http\\Middleware\\ValidatePostSize->handle()
#62 /opt/lampp/htdocs/quiz_MuhammadJafarShiddiq/vendor/laravel/framework/src/Illuminate/Foundation/Http/Middleware/PreventRequestsDuringMaintenance.php(86): Illuminate\\Pipeline\\Pipeline->Illuminate\\Pipeline\\{closure}()
#63 /opt/lampp/htdocs/quiz_MuhammadJafarShiddiq/vendor/laravel/framework/src/Illuminate/Pipeline/Pipeline.php(167): Illuminate\\Foundation\\Http\\Middleware\\PreventRequestsDuringMaintenance->handle()
#64 /opt/lampp/htdocs/quiz_MuhammadJafarShiddiq/vendor/fruitcake/laravel-cors/src/HandleCors.php(38): Illuminate\\Pipeline\\Pipeline->Illuminate\\Pipeline\\{closure}()
#65 /opt/lampp/htdocs/quiz_MuhammadJafarShiddiq/vendor/laravel/framework/src/Illuminate/Pipeline/Pipeline.php(167): Fruitcake\\Cors\\HandleCors->handle()
#66 /opt/lampp/htdocs/quiz_MuhammadJafarShiddiq/vendor/laravel/framework/src/Illuminate/Http/Middleware/TrustProxies.php(39): Illuminate\\Pipeline\\Pipeline->Illuminate\\Pipeline\\{closure}()
#67 /opt/lampp/htdocs/quiz_MuhammadJafarShiddiq/vendor/laravel/framework/src/Illuminate/Pipeline/Pipeline.php(167): Illuminate\\Http\\Middleware\\TrustProxies->handle()
#68 /opt/lampp/htdocs/quiz_MuhammadJafarShiddiq/vendor/laravel/framework/src/Illuminate/Pipeline/Pipeline.php(103): Illuminate\\Pipeline\\Pipeline->Illuminate\\Pipeline\\{closure}()
#69 /opt/lampp/htdocs/quiz_MuhammadJafarShiddiq/vendor/laravel/framework/src/Illuminate/Foundation/Http/Kernel.php(142): Illuminate\\Pipeline\\Pipeline->then()
#70 /opt/lampp/htdocs/quiz_MuhammadJafarShiddiq/vendor/laravel/framework/src/Illuminate/Foundation/Http/Kernel.php(111): Illuminate\\Foundation\\Http\\Kernel->sendRequestThroughRouter()
#71 /opt/lampp/htdocs/quiz_MuhammadJafarShiddiq/public/index.php(52): Illuminate\\Foundation\\Http\\Kernel->handle()
#72 /opt/lampp/htdocs/quiz_MuhammadJafarShiddiq/server.php(21): require_once('...')
#73 {main}
"} 
